app/build/intermediates/manifest_merge_blame_file/debug/manifest-merger-blame-debug-report.txt
1<?xml version="1.0" encoding="utf-8"?>
2<manifest xmlns:android="http://schemas.android.com/apk/res/android"
3    package="com.example.allmyfood"
4    android:versionCode="1"
5    android:versionName="1.0" >
6
7    <uses-sdk
8        android:minSdkVersion="19"
8-->src\main\AndroidManifest.xml
9        android:targetSdkVersion="29" />
9-->src\main\AndroidManifest.xml
10
11    <uses-permission android:name="android.permission.INTERNET" />
11-->src\main\AndroidManifest.xml:5:5-66
11-->src\main\AndroidManifest.xml:5:22-64
12
13    <application
13-->src\main\AndroidManifest.xml:7:5-35:19
14        android:allowBackup="true"
14-->src\main\AndroidManifest.xml:8:9-35
15        android:appComponentFactory="androidx.core.app.CoreComponentFactory"
15-->[androidx.core:core:1.2.0] AndroidManifest.xml:24:18-86
16        android:debuggable="true"
17        android:icon="@mipmap/ic_launcher"
17-->src\main\AndroidManifest.xml:9:9-43
18        android:label="@string/title_login"
18-->src\main\AndroidManifest.xml:10:9-44
19        android:roundIcon="@mipmap/ic_launcher_round"
19-->src\main\AndroidManifest.xml:11:9-54
20        android:supportsRtl="true"
20-->src\main\AndroidManifest.xml:12:9-35
21        android:testOnly="true"
22        android:theme="@style/AppTheme" >
22-->src\main\AndroidManifest.xml:13:9-40
23        <activity android:name="com.example.allmyfood.MainActivity" >
23-->src\main\AndroidManifest.xml:14:9-20:20
23-->src\main\AndroidManifest.xml:14:19-47
24            <intent-filter>
24-->src\main\AndroidManifest.xml:15:13-19:29
25                <action android:name="android.intent.action.MAIN" />
25-->src\main\AndroidManifest.xml:16:17-69
25-->src\main\AndroidManifest.xml:16:25-66
26
27                <category android:name="android.intent.category.LAUNCHER" />
27-->src\main\AndroidManifest.xml:18:17-77
27-->src\main\AndroidManifest.xml:18:27-74
28            </intent-filter>
29        </activity>
30        <activity android:name="com.example.allmyfood.RegisterActivity" >
30-->src\main\AndroidManifest.xml:21:9-27:20
30-->src\main\AndroidManifest.xml:21:19-51
31            <intent-filter>
31-->src\main\AndroidManifest.xml:22:13-26:29
32                <action android:name="android.intent.action.MAIN" />
32-->src\main\AndroidManifest.xml:16:17-69
32-->src\main\AndroidManifest.xml:16:25-66
33
34                <category android:name="android.intent.category.OPENABLE" />
34-->src\main\AndroidManifest.xml:25:17-77
34-->src\main\AndroidManifest.xml:25:27-74
35            </intent-filter>
36        </activity>
37        <activity android:name="com.example.allmyfood.HomeActivity" >
37-->src\main\AndroidManifest.xml:28:9-34:20
37-->src\main\AndroidManifest.xml:28:19-47
38            <intent-filter>
38-->src\main\AndroidManifest.xml:22:13-26:29
39                <action android:name="android.intent.action.MAIN" />
39-->src\main\AndroidManifest.xml:16:17-69
39-->src\main\AndroidManifest.xml:16:25-66
40
41                <category android:name="android.intent.category.OPENABLE" />
41-->src\main\AndroidManifest.xml:25:17-77
41-->src\main\AndroidManifest.xml:25:27-74
42            </intent-filter>
43        </activity>
44        <activity
44-->[com.google.android.gms:play-services-auth:18.0.0] AndroidManifest.xml:23:9-27:75
45            android:name="com.google.android.gms.auth.api.signin.internal.SignInHubActivity"
45-->[com.google.android.gms:play-services-auth:18.0.0] AndroidManifest.xml:24:13-93
46            android:excludeFromRecents="true"
46-->[com.google.android.gms:play-services-auth:18.0.0] AndroidManifest.xml:25:13-46
47            android:exported="false"
47-->[com.google.android.gms:play-services-auth:18.0.0] AndroidManifest.xml:26:13-37
48            android:theme="@android:style/Theme.Translucent.NoTitleBar" />
48-->[com.google.android.gms:play-services-auth:18.0.0] AndroidManifest.xml:27:13-72
49        <!--
50            Service handling Google Sign-In user revocation. For apps that do not integrate with
51            Google Sign-In, this service will never be started.
52        -->
53        <service
53-->[com.google.android.gms:play-services-auth:18.0.0] AndroidManifest.xml:33:9-36:110
54            android:name="com.google.android.gms.auth.api.signin.RevocationBoundService"
54-->[com.google.android.gms:play-services-auth:18.0.0] AndroidManifest.xml:34:13-89
55            android:exported="true"
55-->[com.google.android.gms:play-services-auth:18.0.0] AndroidManifest.xml:35:13-36
56            android:permission="com.google.android.gms.auth.api.signin.permission.REVOCATION_NOTIFICATION" />
56-->[com.google.android.gms:play-services-auth:18.0.0] AndroidManifest.xml:36:13-107
57
58        <activity
58-->[com.google.android.gms:play-services-base:17.1.0] AndroidManifest.xml:23:9-26:75
59            android:name="com.google.android.gms.common.api.GoogleApiActivity"
59-->[com.google.android.gms:play-services-base:17.1.0] AndroidManifest.xml:24:13-79
60            android:exported="false"
60-->[com.google.android.gms:play-services-base:17.1.0] AndroidManifest.xml:25:13-37
61            android:theme="@android:style/Theme.Translucent.NoTitleBar" />
61-->[com.google.android.gms:play-services-base:17.1.0] AndroidManifest.xml:26:13-72
62
63        <meta-data
63-->[com.google.android.gms:play-services-basement:17.1.1] AndroidManifest.xml:23:9-25:69
64            android:name="com.google.android.gms.version"
64-->[com.google.android.gms:play-services-basement:17.1.1] AndroidManifest.xml:24:13-58
65            android:value="@integer/google_play_services_version" />
65-->[com.google.android.gms:play-services-basement:17.1.1] AndroidManifest.xml:25:13-66
66
67        <provider
67-->[androidx.lifecycle:lifecycle-process:2.1.0] AndroidManifest.xml:23:9-27:43
68            android:name="androidx.lifecycle.ProcessLifecycleOwnerInitializer"
68-->[androidx.lifecycle:lifecycle-process:2.1.0] AndroidManifest.xml:24:13-79
69            android:authorities="com.example.allmyfood.lifecycle-process"
69-->[androidx.lifecycle:lifecycle-process:2.1.0] AndroidManifest.xml:25:13-69
70            android:exported="false"
70-->[androidx.lifecycle:lifecycle-process:2.1.0] AndroidManifest.xml:26:13-37
71            android:multiprocess="true" />
71-->[androidx.lifecycle:lifecycle-process:2.1.0] AndroidManifest.xml:27:13-40
72    </application>
73
74</manifest>